<?xml version="1.0" encoding="UTF-8"?>
<testng-results ignored="0" total="8" passed="8" failed="0" skipped="0">
  <reporter-output>
  </reporter-output>
  <suite started-at="2020-06-09T01:59:05 GMT+02:00" name="FreeCrmApplicationTest" finished-at="2020-06-09T02:00:44 GMT+02:00" duration-ms="99103">
    <groups>
      <group name="Sanity">
        <method signature="LoginPageTest.getTitle()[pri:1, instance:com.freecrm.testcases.LoginPageTest@1d082e88]" name="getTitle" class="com.freecrm.testcases.LoginPageTest"/>
        <method signature="ViewLinksTest.checkviewsbuttons()[pri:0, instance:com.freecrm.testcases.ViewLinksTest@60704c]" name="checkviewsbuttons" class="com.freecrm.testcases.ViewLinksTest"/>
      </group> <!-- Sanity -->
      <group name="Regression">
        <method signature="CreateNewPipeline.checkmandatoryfieldsalertmessages()[pri:3, instance:com.freecrm.testcases.CreateNewPipeline@7d3a22a9]" name="checkmandatoryfieldsalertmessages" class="com.freecrm.testcases.CreateNewPipeline"/>
        <method signature="LoginPageTest.LoginMissedCredintialsCase()[pri:4, instance:com.freecrm.testcases.LoginPageTest@1d082e88]" name="LoginMissedCredintialsCase" class="com.freecrm.testcases.LoginPageTest"/>
      </group> <!-- Regression -->
      <group name="E2E">
        <method signature="CreateNewPipeline.checkDiscardbutton()[pri:2, instance:com.freecrm.testcases.CreateNewPipeline@7d3a22a9]" name="checkDiscardbutton" class="com.freecrm.testcases.CreateNewPipeline"/>
        <method signature="CreateNewPipeline.checkcreatebutton()[pri:1, instance:com.freecrm.testcases.CreateNewPipeline@7d3a22a9]" name="checkcreatebutton" class="com.freecrm.testcases.CreateNewPipeline"/>
        <method signature="CreateNewPipeline.checkmandatoryfieldsalertmessages()[pri:3, instance:com.freecrm.testcases.CreateNewPipeline@7d3a22a9]" name="checkmandatoryfieldsalertmessages" class="com.freecrm.testcases.CreateNewPipeline"/>
        <method signature="LoginPageTest.LoginMissedCredintialsCase()[pri:4, instance:com.freecrm.testcases.LoginPageTest@1d082e88]" name="LoginMissedCredintialsCase" class="com.freecrm.testcases.LoginPageTest"/>
        <method signature="LoginPageTest.LoginNegativeCase()[pri:3, instance:com.freecrm.testcases.LoginPageTest@1d082e88]" name="LoginNegativeCase" class="com.freecrm.testcases.LoginPageTest"/>
        <method signature="LoginPageTest.LoginPositiveCase()[pri:2, instance:com.freecrm.testcases.LoginPageTest@1d082e88]" name="LoginPositiveCase" class="com.freecrm.testcases.LoginPageTest"/>
        <method signature="LoginPageTest.getTitle()[pri:1, instance:com.freecrm.testcases.LoginPageTest@1d082e88]" name="getTitle" class="com.freecrm.testcases.LoginPageTest"/>
      </group> <!-- E2E -->
    </groups>
    <test started-at="2020-06-09T01:59:05 GMT+02:00" name="EndToEndTest" finished-at="2020-06-09T02:00:44 GMT+02:00" duration-ms="99103">
      <class name="com.freecrm.testcases.CreateNewPipeline">
        <test-method is-config="true" signature="Login()[pri:0, instance:com.freecrm.testcases.CreateNewPipeline@7d3a22a9]" started-at="2020-06-09T01:59:05 GMT+02:00" name="Login" finished-at="2020-06-09T01:59:19 GMT+02:00" duration-ms="13920" status="PASS">
          <reporter-output>
          </reporter-output>
        </test-method> <!-- Login -->
        <test-method signature="checkcreatebutton()[pri:1, instance:com.freecrm.testcases.CreateNewPipeline@7d3a22a9]" started-at="2020-06-09T01:59:19 GMT+02:00" name="checkcreatebutton" finished-at="2020-06-09T01:59:20 GMT+02:00" duration-ms="1280" status="PASS">
          <reporter-output>
          </reporter-output>
        </test-method> <!-- checkcreatebutton -->
        <test-method is-config="true" signature="TearDown()[pri:0, instance:com.freecrm.testcases.CreateNewPipeline@7d3a22a9]" started-at="2020-06-09T01:59:20 GMT+02:00" name="TearDown" finished-at="2020-06-09T01:59:21 GMT+02:00" duration-ms="765" status="PASS">
          <reporter-output>
          </reporter-output>
        </test-method> <!-- TearDown -->
        <test-method is-config="true" signature="Login()[pri:0, instance:com.freecrm.testcases.CreateNewPipeline@7d3a22a9]" started-at="2020-06-09T01:59:21 GMT+02:00" name="Login" finished-at="2020-06-09T01:59:34 GMT+02:00" duration-ms="13500" status="PASS">
          <reporter-output>
          </reporter-output>
        </test-method> <!-- Login -->
        <test-method signature="checkDiscardbutton()[pri:2, instance:com.freecrm.testcases.CreateNewPipeline@7d3a22a9]" started-at="2020-06-09T01:59:34 GMT+02:00" name="checkDiscardbutton" finished-at="2020-06-09T01:59:35 GMT+02:00" duration-ms="657" status="PASS">
          <reporter-output>
          </reporter-output>
        </test-method> <!-- checkDiscardbutton -->
        <test-method is-config="true" signature="TearDown()[pri:0, instance:com.freecrm.testcases.CreateNewPipeline@7d3a22a9]" started-at="2020-06-09T01:59:35 GMT+02:00" name="TearDown" finished-at="2020-06-09T01:59:35 GMT+02:00" duration-ms="652" status="PASS">
          <reporter-output>
          </reporter-output>
        </test-method> <!-- TearDown -->
        <test-method is-config="true" signature="Login()[pri:0, instance:com.freecrm.testcases.CreateNewPipeline@7d3a22a9]" started-at="2020-06-09T01:59:35 GMT+02:00" name="Login" finished-at="2020-06-09T01:59:46 GMT+02:00" duration-ms="10727" status="PASS">
          <reporter-output>
          </reporter-output>
        </test-method> <!-- Login -->
        <test-method signature="checkmandatoryfieldsalertmessages()[pri:3, instance:com.freecrm.testcases.CreateNewPipeline@7d3a22a9]" started-at="2020-06-09T01:59:46 GMT+02:00" name="checkmandatoryfieldsalertmessages" finished-at="2020-06-09T01:59:50 GMT+02:00" duration-ms="4099" status="PASS">
          <reporter-output>
          </reporter-output>
        </test-method> <!-- checkmandatoryfieldsalertmessages -->
        <test-method is-config="true" signature="TearDown()[pri:0, instance:com.freecrm.testcases.CreateNewPipeline@7d3a22a9]" started-at="2020-06-09T01:59:50 GMT+02:00" name="TearDown" finished-at="2020-06-09T01:59:51 GMT+02:00" duration-ms="815" status="PASS">
          <reporter-output>
          </reporter-output>
        </test-method> <!-- TearDown -->
      </class> <!-- com.freecrm.testcases.CreateNewPipeline -->
      <class name="com.freecrm.testcases.LoginPageTest">
        <test-method is-config="true" signature="SetUp()[pri:0, instance:com.freecrm.testcases.LoginPageTest@1d082e88]" started-at="2020-06-09T01:59:51 GMT+02:00" name="SetUp" finished-at="2020-06-09T01:59:57 GMT+02:00" duration-ms="5815" status="PASS">
          <reporter-output>
          </reporter-output>
        </test-method> <!-- SetUp -->
        <test-method signature="getTitle()[pri:1, instance:com.freecrm.testcases.LoginPageTest@1d082e88]" started-at="2020-06-09T01:59:57 GMT+02:00" name="getTitle" finished-at="2020-06-09T01:59:57 GMT+02:00" duration-ms="14" status="PASS">
          <reporter-output>
          </reporter-output>
        </test-method> <!-- getTitle -->
        <test-method is-config="true" signature="TearDown()[pri:0, instance:com.freecrm.testcases.LoginPageTest@1d082e88]" started-at="2020-06-09T01:59:57 GMT+02:00" name="TearDown" finished-at="2020-06-09T01:59:58 GMT+02:00" duration-ms="601" status="PASS">
          <reporter-output>
          </reporter-output>
        </test-method> <!-- TearDown -->
        <test-method is-config="true" signature="SetUp()[pri:0, instance:com.freecrm.testcases.LoginPageTest@1d082e88]" started-at="2020-06-09T01:59:58 GMT+02:00" name="SetUp" finished-at="2020-06-09T02:00:03 GMT+02:00" duration-ms="5704" status="PASS">
          <reporter-output>
          </reporter-output>
        </test-method> <!-- SetUp -->
        <test-method signature="LoginPositiveCase()[pri:2, instance:com.freecrm.testcases.LoginPageTest@1d082e88]" started-at="2020-06-09T02:00:03 GMT+02:00" name="LoginPositiveCase" finished-at="2020-06-09T02:00:06 GMT+02:00" duration-ms="2223" status="PASS">
          <reporter-output>
          </reporter-output>
        </test-method> <!-- LoginPositiveCase -->
        <test-method is-config="true" signature="TearDown()[pri:0, instance:com.freecrm.testcases.LoginPageTest@1d082e88]" started-at="2020-06-09T02:00:06 GMT+02:00" name="TearDown" finished-at="2020-06-09T02:00:07 GMT+02:00" duration-ms="1154" status="PASS">
          <reporter-output>
          </reporter-output>
        </test-method> <!-- TearDown -->
        <test-method is-config="true" signature="SetUp()[pri:0, instance:com.freecrm.testcases.LoginPageTest@1d082e88]" started-at="2020-06-09T02:00:07 GMT+02:00" name="SetUp" finished-at="2020-06-09T02:00:12 GMT+02:00" duration-ms="5243" status="PASS">
          <reporter-output>
          </reporter-output>
        </test-method> <!-- SetUp -->
        <test-method signature="LoginNegativeCase()[pri:3, instance:com.freecrm.testcases.LoginPageTest@1d082e88]" started-at="2020-06-09T02:00:12 GMT+02:00" name="LoginNegativeCase" finished-at="2020-06-09T02:00:12 GMT+02:00" duration-ms="441" status="PASS">
          <reporter-output>
          </reporter-output>
        </test-method> <!-- LoginNegativeCase -->
        <test-method is-config="true" signature="TearDown()[pri:0, instance:com.freecrm.testcases.LoginPageTest@1d082e88]" started-at="2020-06-09T02:00:12 GMT+02:00" name="TearDown" finished-at="2020-06-09T02:00:14 GMT+02:00" duration-ms="1235" status="PASS">
          <reporter-output>
          </reporter-output>
        </test-method> <!-- TearDown -->
        <test-method is-config="true" signature="SetUp()[pri:0, instance:com.freecrm.testcases.LoginPageTest@1d082e88]" started-at="2020-06-09T02:00:14 GMT+02:00" name="SetUp" finished-at="2020-06-09T02:00:19 GMT+02:00" duration-ms="4929" status="PASS">
          <reporter-output>
          </reporter-output>
        </test-method> <!-- SetUp -->
        <test-method signature="LoginMissedCredintialsCase()[pri:4, instance:com.freecrm.testcases.LoginPageTest@1d082e88]" started-at="2020-06-09T02:00:19 GMT+02:00" name="LoginMissedCredintialsCase" finished-at="2020-06-09T02:00:19 GMT+02:00" duration-ms="516" status="PASS">
          <reporter-output>
          </reporter-output>
        </test-method> <!-- LoginMissedCredintialsCase -->
        <test-method is-config="true" signature="TearDown()[pri:0, instance:com.freecrm.testcases.LoginPageTest@1d082e88]" started-at="2020-06-09T02:00:19 GMT+02:00" name="TearDown" finished-at="2020-06-09T02:00:20 GMT+02:00" duration-ms="601" status="PASS">
          <reporter-output>
          </reporter-output>
        </test-method> <!-- TearDown -->
      </class> <!-- com.freecrm.testcases.LoginPageTest -->
      <class name="com.freecrm.testcases.ViewLinksTest">
        <test-method is-config="true" signature="Login(java.lang.String)[pri:0, instance:com.freecrm.testcases.ViewLinksTest@60704c]" started-at="2020-06-09T02:00:20 GMT+02:00" name="Login" finished-at="2020-06-09T02:00:30 GMT+02:00" duration-ms="10817" status="PASS">
          <params>
            <param index="0">
              <value>
                <![CDATA[https://itss1.odoo.com/web/login]]>
              </value>
            </param>
          </params>
          <reporter-output>
          </reporter-output>
        </test-method> <!-- Login -->
        <test-method signature="checkviewsbuttons()[pri:0, instance:com.freecrm.testcases.ViewLinksTest@60704c]" started-at="2020-06-09T02:00:30 GMT+02:00" name="checkviewsbuttons" finished-at="2020-06-09T02:00:44 GMT+02:00" duration-ms="13338" status="PASS">
          <reporter-output>
          </reporter-output>
        </test-method> <!-- checkviewsbuttons -->
      </class> <!-- com.freecrm.testcases.ViewLinksTest -->
    </test> <!-- EndToEndTest -->
  </suite> <!-- FreeCrmApplicationTest -->
</testng-results>
