<?xml version="1.0" encoding="UTF-8"?>
<!-- Generated by org.testng.reporters.JUnitXMLReporter -->
<testsuite ignored="0" hostname="Admin-PC" failures="0" tests="8" name="EndToEndTest" time="99.103" errors="0" timestamp="2020-06-09T02:00:44 GMT+02:00">
  <testcase classname="com.freecrm.testcases.CreateNewPipeline" name="checkcreatebutton" time="1.28"/>
  <testcase classname="com.freecrm.testcases.CreateNewPipeline" name="checkDiscardbutton" time="0.657"/>
  <testcase classname="com.freecrm.testcases.CreateNewPipeline" name="checkmandatoryfieldsalertmessages" time="4.099"/>
  <testcase classname="com.freecrm.testcases.LoginPageTest" name="getTitle" time="0.014"/>
  <testcase classname="com.freecrm.testcases.LoginPageTest" name="LoginPositiveCase" time="2.223"/>
  <testcase classname="com.freecrm.testcases.LoginPageTest" name="LoginNegativeCase" time="0.441"/>
  <testcase classname="com.freecrm.testcases.LoginPageTest" name="LoginMissedCredintialsCase" time="0.516"/>
  <testcase classname="com.freecrm.testcases.ViewLinksTest" name="checkviewsbuttons" time="13.338"/>
</testsuite> <!-- EndToEndTest -->
